<?xml version="1.0" encoding="UTF-8" ?>
<testsuite tests="205" failures="1" name="home.MainTest" time="2.362" errors="0" skipped="204">
  <properties>
    <property name="idea.version" value="2018.3.4"/>
    <property name="java.runtime.name" value="Java(TM) SE Runtime Environment"/>
    <property name="sun.boot.library.path" value="C:\Program Files\Java\jdk1.8.0_201\jre\bin"/>
    <property name="java.vm.version" value="25.201-b09"/>
    <property name="java.vm.vendor" value="Oracle Corporation"/>
    <property name="maven.multiModuleProjectDirectory" value="C:\Users\fazli\MobileAutomation2019"/>
    <property name="java.vendor.url" value="http://java.oracle.com/"/>
    <property name="path.separator" value=";"/>
    <property name="guice.disable.misplaced.annotation.check" value="true"/>
    <property name="java.vm.name" value="Java HotSpot(TM) 64-Bit Server VM"/>
    <property name="file.encoding.pkg" value="sun.io"/>
    <property name="user.script" value=""/>
    <property name="user.country" value="US"/>
    <property name="sun.java.launcher" value="SUN_STANDARD"/>
    <property name="sun.os.patch.level" value=""/>
    <property name="java.vm.specification.name" value="Java Virtual Machine Specification"/>
    <property name="user.dir" value="C:\Users\fazli\MobileAutomation2019"/>
    <property name="java.runtime.version" value="1.8.0_201-b09"/>
    <property name="java.awt.graphicsenv" value="sun.awt.Win32GraphicsEnvironment"/>
    <property name="java.endorsed.dirs" value="C:\Program Files\Java\jdk1.8.0_201\jre\lib\endorsed"/>
    <property name="os.arch" value="amd64"/>
    <property name="java.io.tmpdir" value="C:\Users\fazli\AppData\Local\Temp\"/>
    <property name="line.separator" value="
"/>
    <property name="java.vm.specification.vendor" value="Oracle Corporation"/>
    <property name="user.variant" value=""/>
    <property name="os.name" value="Windows 10"/>
    <property name="classworlds.conf" value="C:\Program Files\JetBrains\IntelliJ IDEA Community Edition 2018.3.4\plugins\maven\lib\maven3\bin\m2.conf"/>
    <property name="sun.jnu.encoding" value="Cp1252"/>
    <property name="java.library.path" value="C:\Program Files\Java\jdk1.8.0_201\bin;C:\WINDOWS\Sun\Java\bin;C:\WINDOWS\system32;C:\WINDOWS;C:\WINDOWS\system32;C:\WINDOWS;C:\WINDOWS\System32\Wbem;C:\WINDOWS\System32\WindowsPowerShell\v1.0\;C:\WINDOWS\system32\config\systemprofile\.dnx\bin;C:\Program Files\Microsoft DNX\Dnvm\;C:\Program Files\Microsoft SQL Server\130\Tools\Binn\;C:\Program Files (x86)\Windows Kits\10\Windows Performance Toolkit\;C:\Program Files\Microsoft SQL Server\Client SDK\ODBC\130\Tools\Binn\;C:\Program Files (x86)\Microsoft SQL Server\140\Tools\Binn\;C:\Program Files\Microsoft SQL Server\140\Tools\Binn\;C:\Program Files\Microsoft SQL Server\140\DTS\Binn\;C:\WINDOWS\System32\OpenSSH\;C:\Program Files\Intel\WiFi\bin\;C:\Program Files\Common Files\Intel\WirelessCommon\;C:\Program Files (x86)\Intel\Intel(R) Management Engine Components\DAL;C:\Program Files\Intel\Intel(R) Management Engine Components\DAL;C:\Program Files\Java\jdk1.8.0_201\bin;C:\Program Files\Git\cmd;C:\Program Files\MongoDB\Server\4.0\bin;C:\Program Files\apache-maven-3.6.0-bin\apache-maven-3.6.0\bin;C:\Users\fazli\AppData\Local\Android\Sdk;C:\Users\fazli\AppData\Local\Microsoft\WindowsApps;C:\Program Files\Intel\WiFi\bin\;C:\Program Files\Common Files\Intel\WirelessCommon\;."/>
    <property name="java.specification.name" value="Java Platform API Specification"/>
    <property name="java.class.version" value="52.0"/>
    <property name="sun.management.compiler" value="HotSpot 64-Bit Tiered Compilers"/>
    <property name="os.version" value="10.0"/>
    <property name="user.home" value="C:\Users\fazli"/>
    <property name="user.timezone" value="America/New_York"/>
    <property name="java.awt.printerjob" value="sun.awt.windows.WPrinterJob"/>
    <property name="java.specification.version" value="1.8"/>
    <property name="file.encoding" value="UTF-8"/>
    <property name="user.name" value="fazli"/>
    <property name="java.class.path" value="C:\Program Files\JetBrains\IntelliJ IDEA Community Edition 2018.3.4\plugins\maven\lib\maven3\boot\plexus-classworlds-2.5.2.jar;C:\Program Files\JetBrains\IntelliJ IDEA Community Edition 2018.3.4\lib\idea_rt.jar"/>
    <property name="java.vm.specification.version" value="1.8"/>
    <property name="sun.arch.data.model" value="64"/>
    <property name="java.home" value="C:\Program Files\Java\jdk1.8.0_201\jre"/>
    <property name="sun.java.command" value="org.codehaus.classworlds.Launcher -Didea.version=2018.3.4 install"/>
    <property name="java.specification.vendor" value="Oracle Corporation"/>
    <property name="user.language" value="en"/>
    <property name="awt.toolkit" value="sun.awt.windows.WToolkit"/>
    <property name="java.vm.info" value="mixed mode"/>
    <property name="java.version" value="1.8.0_201"/>
    <property name="java.ext.dirs" value="C:\Program Files\Java\jdk1.8.0_201\jre\lib\ext;C:\WINDOWS\Sun\Java\lib\ext"/>
    <property name="sun.boot.class.path" value="C:\Program Files\Java\jdk1.8.0_201\jre\lib\resources.jar;C:\Program Files\Java\jdk1.8.0_201\jre\lib\rt.jar;C:\Program Files\Java\jdk1.8.0_201\jre\lib\sunrsasign.jar;C:\Program Files\Java\jdk1.8.0_201\jre\lib\jsse.jar;C:\Program Files\Java\jdk1.8.0_201\jre\lib\jce.jar;C:\Program Files\Java\jdk1.8.0_201\jre\lib\charsets.jar;C:\Program Files\Java\jdk1.8.0_201\jre\lib\jfr.jar;C:\Program Files\Java\jdk1.8.0_201\jre\classes"/>
    <property name="java.vendor" value="Oracle Corporation"/>
    <property name="maven.home" value="C:\Program Files\JetBrains\IntelliJ IDEA Community Edition 2018.3.4\plugins\maven\lib\maven3"/>
    <property name="file.separator" value="\"/>
    <property name="java.vendor.url.bug" value="http://bugreport.sun.com/bugreport/"/>
    <property name="sun.cpu.endian" value="little"/>
    <property name="sun.io.unicode.encoding" value="UnicodeLittle"/>
    <property name="sun.desktop" value="windows"/>
    <property name="sun.cpu.isalist" value="amd64"/>
  </properties>
  <testcase classname="home.MainTest" name="setUp" time="0.721">
    <failure message="
Parameter &apos;OS&apos; is required by @Configuration on method setUp but has not been marked @Optional or defined
" type="org.testng.TestNGException">org.testng.TestNGException: 
Parameter &apos;OS&apos; is required by @Configuration on method setUp but has not been marked @Optional or defined

	at org.testng.internal.Parameters.createParameters(Parameters.java:148)
	at org.testng.internal.Parameters.createParameters(Parameters.java:361)
	at org.testng.internal.Parameters.createConfigurationParameters(Parameters.java:84)
	at org.testng.internal.Invoker.invokeConfigurations(Invoker.java:197)
	at org.testng.internal.Invoker.invokeMethod(Invoker.java:585)
	at org.testng.internal.Invoker.invokeTestMethod(Invoker.java:821)
	at org.testng.internal.Invoker.invokeTestMethods(Invoker.java:1131)
	at org.testng.internal.TestMethodWorker.invokeTestMethods(TestMethodWorker.java:124)
	at org.testng.internal.TestMethodWorker.run(TestMethodWorker.java:108)
	at org.testng.TestRunner.privateRun(TestRunner.java:773)
	at org.testng.TestRunner.run(TestRunner.java:623)
	at org.testng.SuiteRunner.runTest(SuiteRunner.java:357)
	at org.testng.SuiteRunner.runSequentially(SuiteRunner.java:352)
	at org.testng.SuiteRunner.privateRun(SuiteRunner.java:310)
	at org.testng.SuiteRunner.run(SuiteRunner.java:259)
	at org.testng.SuiteRunnerWorker.runSuite(SuiteRunnerWorker.java:52)
	at org.testng.SuiteRunnerWorker.run(SuiteRunnerWorker.java:86)
	at org.testng.TestNG.runSuitesSequentially(TestNG.java:1185)
	at org.testng.TestNG.runSuitesLocally(TestNG.java:1110)
	at org.testng.TestNG.run(TestNG.java:1018)
	at org.apache.maven.surefire.testng.TestNGExecutor.run(TestNGExecutor.java:77)
	at org.apache.maven.surefire.testng.TestNGDirectoryTestSuite.execute(TestNGDirectoryTestSuite.java:110)
	at org.apache.maven.surefire.testng.TestNGProvider.invoke(TestNGProvider.java:106)
	at sun.reflect.NativeMethodAccessorImpl.invoke0(Native Method)
	at sun.reflect.NativeMethodAccessorImpl.invoke(NativeMethodAccessorImpl.java:62)
	at sun.reflect.DelegatingMethodAccessorImpl.invoke(DelegatingMethodAccessorImpl.java:43)
	at java.lang.reflect.Method.invoke(Method.java:498)
	at org.apache.maven.surefire.util.ReflectionUtils.invokeMethodWithArray(ReflectionUtils.java:189)
	at org.apache.maven.surefire.booter.ProviderFactory$ProviderProxy.invoke(ProviderFactory.java:165)
	at org.apache.maven.surefire.booter.ProviderFactory.invokeProvider(ProviderFactory.java:85)
	at org.apache.maven.surefire.booter.ForkedBooter.runSuitesInProcess(ForkedBooter.java:115)
	at org.apache.maven.surefire.booter.ForkedBooter.main(ForkedBooter.java:75)
</failure>
    <system-out>Configuring TestNG with: org.apache.maven.surefire.testng.conf.TestNG652Configurator@16f65612
Extent Report DirectoryC:\Users\fazli\MobileAutomation2019\Android1\target\surefire-reports\html
</system-out>
    <system-err>Apr 13, 2019 11:37:40 PM com.relevantcodes.extentreports.ExtentReports loadConfig
WARNING: Unable to perform report configuration. The file C:\Users\fazli\MobileAutomation2019\Android1\report-config.xml was not found.
</system-err>
  </testcase>
  <testcase classname="home.MainTest" name="startExtent" time="0.722">
    <skipped/>
  </testcase>
  <testcase classname="home.MainTest" name="initialize" time="0.722">
    <skipped/>
  </testcase>
  <testcase classname="home.MainTest" name="SecondLinkNoveltyShareButtonTest" time="0">
    <skipped/>
  </testcase>
  <testcase classname="home.MainTest" name="afterEachTestMethod" time="0">
    <skipped/>
  </testcase>
  <testcase classname="home.MainTest" name="cleanUpApp" time="0">
    <skipped/>
  </testcase>
  <testcase classname="home.MainTest" name="setUp" time="0.001">
    <skipped/>
  </testcase>
  <testcase classname="home.MainTest" name="startExtent" time="0.002">
    <skipped/>
  </testcase>
  <testcase classname="home.MainTest" name="initialize" time="0.002">
    <skipped/>
  </testcase>
  <testcase classname="home.MainTest" name="allNewsTabTest" time="0">
    <skipped/>
  </testcase>
  <testcase classname="home.MainTest" name="afterEachTestMethod" time="0">
    <skipped/>
  </testcase>
  <testcase classname="home.MainTest" name="cleanUpApp" time="0">
    <skipped/>
  </testcase>
  <testcase classname="home.MainTest" name="setUp" time="0.001">
    <skipped/>
  </testcase>
  <testcase classname="home.MainTest" name="startExtent" time="0.001">
    <skipped/>
  </testcase>
  <testcase classname="home.MainTest" name="initialize" time="0.001">
    <skipped/>
  </testcase>
  <testcase classname="home.MainTest" name="androidTabTest" time="0.001">
    <skipped/>
  </testcase>
  <testcase classname="home.MainTest" name="afterEachTestMethod" time="0.001">
    <skipped/>
  </testcase>
  <testcase classname="home.MainTest" name="cleanUpApp" time="0.001">
    <skipped/>
  </testcase>
  <testcase classname="home.MainTest" name="setUp" time="0.002">
    <skipped/>
  </testcase>
  <testcase classname="home.MainTest" name="startExtent" time="0.002">
    <skipped/>
  </testcase>
  <testcase classname="home.MainTest" name="initialize" time="0.002">
    <skipped/>
  </testcase>
  <testcase classname="home.MainTest" name="appleTabTest" time="0">
    <skipped/>
  </testcase>
  <testcase classname="home.MainTest" name="afterEachTestMethod" time="0">
    <skipped/>
  </testcase>
  <testcase classname="home.MainTest" name="cleanUpApp" time="0">
    <skipped/>
  </testcase>
  <testcase classname="home.MainTest" name="setUp" time="0">
    <skipped/>
  </testcase>
  <testcase classname="home.MainTest" name="startExtent" time="0">
    <skipped/>
  </testcase>
  <testcase classname="home.MainTest" name="initialize" time="0.001">
    <skipped/>
  </testcase>
  <testcase classname="home.MainTest" name="burgerTest" time="0">
    <skipped/>
  </testcase>
  <testcase classname="home.MainTest" name="afterEachTestMethod" time="0">
    <skipped/>
  </testcase>
  <testcase classname="home.MainTest" name="cleanUpApp" time="0">
    <skipped/>
  </testcase>
  <testcase classname="home.MainTest" name="setUp" time="0">
    <skipped/>
  </testcase>
  <testcase classname="home.MainTest" name="startExtent" time="0">
    <skipped/>
  </testcase>
  <testcase classname="home.MainTest" name="initialize" time="0">
    <skipped/>
  </testcase>
  <testcase classname="home.MainTest" name="firstLinkAndroidShareButtonTest" time="0">
    <skipped/>
  </testcase>
  <testcase classname="home.MainTest" name="afterEachTestMethod" time="0.001">
    <skipped/>
  </testcase>
  <testcase classname="home.MainTest" name="cleanUpApp" time="0.001">
    <skipped/>
  </testcase>
  <testcase classname="home.MainTest" name="setUp" time="0.001">
    <skipped/>
  </testcase>
  <testcase classname="home.MainTest" name="startExtent" time="0.001">
    <skipped/>
  </testcase>
  <testcase classname="home.MainTest" name="initialize" time="0.001">
    <skipped/>
  </testcase>
  <testcase classname="home.MainTest" name="firstLinkAndroidTest" time="0.001">
    <skipped/>
  </testcase>
  <testcase classname="home.MainTest" name="afterEachTestMethod" time="0.001">
    <skipped/>
  </testcase>
  <testcase classname="home.MainTest" name="cleanUpApp" time="0.001">
    <skipped/>
  </testcase>
  <testcase classname="home.MainTest" name="setUp" time="0.001">
    <skipped/>
  </testcase>
  <testcase classname="home.MainTest" name="startExtent" time="0.001">
    <skipped/>
  </testcase>
  <testcase classname="home.MainTest" name="initialize" time="0.001">
    <skipped/>
  </testcase>
  <testcase classname="home.MainTest" name="firstLinkTest" time="0.001">
    <skipped/>
  </testcase>
  <testcase classname="home.MainTest" name="afterEachTestMethod" time="0.001">
    <skipped/>
  </testcase>
  <testcase classname="home.MainTest" name="cleanUpApp" time="0.001">
    <skipped/>
  </testcase>
  <testcase classname="home.MainTest" name="setUp" time="0.001">
    <skipped/>
  </testcase>
  <testcase classname="home.MainTest" name="startExtent" time="0.001">
    <skipped/>
  </testcase>
  <testcase classname="home.MainTest" name="initialize" time="0.001">
    <skipped/>
  </testcase>
  <testcase classname="home.MainTest" name="firstLinkWindowsShareButtonTest" time="0.001">
    <skipped/>
  </testcase>
  <testcase classname="home.MainTest" name="afterEachTestMethod" time="0.001">
    <skipped/>
  </testcase>
  <testcase classname="home.MainTest" name="cleanUpApp" time="0.001">
    <skipped/>
  </testcase>
  <testcase classname="home.MainTest" name="setUp" time="0.001">
    <skipped/>
  </testcase>
  <testcase classname="home.MainTest" name="startExtent" time="0.002">
    <skipped/>
  </testcase>
  <testcase classname="home.MainTest" name="initialize" time="0.002">
    <skipped/>
  </testcase>
  <testcase classname="home.MainTest" name="firstLinkWindowsTest" time="0">
    <skipped/>
  </testcase>
  <testcase classname="home.MainTest" name="afterEachTestMethod" time="0">
    <skipped/>
  </testcase>
  <testcase classname="home.MainTest" name="cleanUpApp" time="0.001">
    <skipped/>
  </testcase>
  <testcase classname="home.MainTest" name="setUp" time="0.001">
    <skipped/>
  </testcase>
  <testcase classname="home.MainTest" name="startExtent" time="0.001">
    <skipped/>
  </testcase>
  <testcase classname="home.MainTest" name="initialize" time="0.001">
    <skipped/>
  </testcase>
  <testcase classname="home.MainTest" name="noveltyTabTest" time="0.001">
    <skipped/>
  </testcase>
  <testcase classname="home.MainTest" name="afterEachTestMethod" time="0.001">
    <skipped/>
  </testcase>
  <testcase classname="home.MainTest" name="cleanUpApp" time="0.001">
    <skipped/>
  </testcase>
  <testcase classname="home.MainTest" name="setUp" time="0.001">
    <skipped/>
  </testcase>
  <testcase classname="home.MainTest" name="startExtent" time="0.001">
    <skipped/>
  </testcase>
  <testcase classname="home.MainTest" name="initialize" time="0.003">
    <skipped/>
  </testcase>
  <testcase classname="home.MainTest" name="searchBarTest" time="0">
    <skipped/>
  </testcase>
  <testcase classname="home.MainTest" name="afterEachTestMethod" time="0">
    <skipped/>
  </testcase>
  <testcase classname="home.MainTest" name="cleanUpApp" time="0">
    <skipped/>
  </testcase>
  <testcase classname="home.MainTest" name="setUp" time="0">
    <skipped/>
  </testcase>
  <testcase classname="home.MainTest" name="startExtent" time="0">
    <skipped/>
  </testcase>
  <testcase classname="home.MainTest" name="initialize" time="0">
    <skipped/>
  </testcase>
  <testcase classname="home.MainTest" name="searchBarTest10" time="0">
    <skipped/>
  </testcase>
  <testcase classname="home.MainTest" name="afterEachTestMethod" time="0">
    <skipped/>
  </testcase>
  <testcase classname="home.MainTest" name="cleanUpApp" time="0">
    <skipped/>
  </testcase>
  <testcase classname="home.MainTest" name="setUp" time="0">
    <skipped/>
  </testcase>
  <testcase classname="home.MainTest" name="startExtent" time="0">
    <skipped/>
  </testcase>
  <testcase classname="home.MainTest" name="initialize" time="0">
    <skipped/>
  </testcase>
  <testcase classname="home.MainTest" name="searchBarTest2" time="0">
    <skipped/>
  </testcase>
  <testcase classname="home.MainTest" name="afterEachTestMethod" time="0">
    <skipped/>
  </testcase>
  <testcase classname="home.MainTest" name="cleanUpApp" time="0">
    <skipped/>
  </testcase>
  <testcase classname="home.MainTest" name="setUp" time="0">
    <skipped/>
  </testcase>
  <testcase classname="home.MainTest" name="startExtent" time="0">
    <skipped/>
  </testcase>
  <testcase classname="home.MainTest" name="initialize" time="0">
    <skipped/>
  </testcase>
  <testcase classname="home.MainTest" name="searchBarTest3" time="0">
    <skipped/>
  </testcase>
  <testcase classname="home.MainTest" name="afterEachTestMethod" time="0.001">
    <skipped/>
  </testcase>
  <testcase classname="home.MainTest" name="cleanUpApp" time="0.001">
    <skipped/>
  </testcase>
  <testcase classname="home.MainTest" name="setUp" time="0.001">
    <skipped/>
  </testcase>
  <testcase classname="home.MainTest" name="startExtent" time="0.001">
    <skipped/>
  </testcase>
  <testcase classname="home.MainTest" name="initialize" time="0.001">
    <skipped/>
  </testcase>
  <testcase classname="home.MainTest" name="searchBarTest4" time="0">
    <skipped/>
  </testcase>
  <testcase classname="home.MainTest" name="afterEachTestMethod" time="0">
    <skipped/>
  </testcase>
  <testcase classname="home.MainTest" name="cleanUpApp" time="0.001">
    <skipped/>
  </testcase>
  <testcase classname="home.MainTest" name="setUp" time="0.001">
    <skipped/>
  </testcase>
  <testcase classname="home.MainTest" name="startExtent" time="0.001">
    <skipped/>
  </testcase>
  <testcase classname="home.MainTest" name="initialize" time="0.001">
    <skipped/>
  </testcase>
  <testcase classname="home.MainTest" name="searchBarTest5" time="0">
    <skipped/>
  </testcase>
  <testcase classname="home.MainTest" name="afterEachTestMethod" time="0">
    <skipped/>
  </testcase>
  <testcase classname="home.MainTest" name="cleanUpApp" time="0">
    <skipped/>
  </testcase>
  <testcase classname="home.MainTest" name="setUp" time="0.004">
    <skipped/>
  </testcase>
  <testcase classname="home.MainTest" name="startExtent" time="0.004">
    <skipped/>
  </testcase>
  <testcase classname="home.MainTest" name="initialize" time="0.004">
    <skipped/>
  </testcase>
  <testcase classname="home.MainTest" name="searchBarTest6" time="0">
    <skipped/>
  </testcase>
  <testcase classname="home.MainTest" name="afterEachTestMethod" time="0.001">
    <skipped/>
  </testcase>
  <testcase classname="home.MainTest" name="cleanUpApp" time="0.001">
    <skipped/>
  </testcase>
  <testcase classname="home.MainTest" name="setUp" time="0.001">
    <skipped/>
  </testcase>
  <testcase classname="home.MainTest" name="startExtent" time="0.001">
    <skipped/>
  </testcase>
  <testcase classname="home.MainTest" name="initialize" time="0.001">
    <skipped/>
  </testcase>
  <testcase classname="home.MainTest" name="searchBarTest7" time="0">
    <skipped/>
  </testcase>
  <testcase classname="home.MainTest" name="afterEachTestMethod" time="0">
    <skipped/>
  </testcase>
  <testcase classname="home.MainTest" name="cleanUpApp" time="0.001">
    <skipped/>
  </testcase>
  <testcase classname="home.MainTest" name="setUp" time="0.001">
    <skipped/>
  </testcase>
  <testcase classname="home.MainTest" name="startExtent" time="0.001">
    <skipped/>
  </testcase>
  <testcase classname="home.MainTest" name="initialize" time="0.001">
    <skipped/>
  </testcase>
  <testcase classname="home.MainTest" name="searchBarTest8" time="0">
    <skipped/>
  </testcase>
  <testcase classname="home.MainTest" name="afterEachTestMethod" time="0">
    <skipped/>
  </testcase>
  <testcase classname="home.MainTest" name="cleanUpApp" time="0.001">
    <skipped/>
  </testcase>
  <testcase classname="home.MainTest" name="setUp" time="0.001">
    <skipped/>
  </testcase>
  <testcase classname="home.MainTest" name="startExtent" time="0.001">
    <skipped/>
  </testcase>
  <testcase classname="home.MainTest" name="initialize" time="0.001">
    <skipped/>
  </testcase>
  <testcase classname="home.MainTest" name="searchBarTest9" time="0">
    <skipped/>
  </testcase>
  <testcase classname="home.MainTest" name="afterEachTestMethod" time="0">
    <skipped/>
  </testcase>
  <testcase classname="home.MainTest" name="cleanUpApp" time="0">
    <skipped/>
  </testcase>
  <testcase classname="home.MainTest" name="setUp" time="0.001">
    <skipped/>
  </testcase>
  <testcase classname="home.MainTest" name="startExtent" time="0.001">
    <skipped/>
  </testcase>
  <testcase classname="home.MainTest" name="initialize" time="0.001">
    <skipped/>
  </testcase>
  <testcase classname="home.MainTest" name="secondLinkAndroidTest" time="0">
    <skipped/>
  </testcase>
  <testcase classname="home.MainTest" name="afterEachTestMethod" time="0">
    <skipped/>
  </testcase>
  <testcase classname="home.MainTest" name="cleanUpApp" time="0">
    <skipped/>
  </testcase>
  <testcase classname="home.MainTest" name="setUp" time="0.001">
    <skipped/>
  </testcase>
  <testcase classname="home.MainTest" name="startExtent" time="0.001">
    <skipped/>
  </testcase>
  <testcase classname="home.MainTest" name="initialize" time="0.001">
    <skipped/>
  </testcase>
  <testcase classname="home.MainTest" name="secondLinkAppleShareButtonTest" time="0.001">
    <skipped/>
  </testcase>
  <testcase classname="home.MainTest" name="afterEachTestMethod" time="0.001">
    <skipped/>
  </testcase>
  <testcase classname="home.MainTest" name="cleanUpApp" time="0.001">
    <skipped/>
  </testcase>
  <testcase classname="home.MainTest" name="setUp" time="0.003">
    <skipped/>
  </testcase>
  <testcase classname="home.MainTest" name="startExtent" time="0.003">
    <skipped/>
  </testcase>
  <testcase classname="home.MainTest" name="initialize" time="0.003">
    <skipped/>
  </testcase>
  <testcase classname="home.MainTest" name="secondLinkAppleTest" time="0">
    <skipped/>
  </testcase>
  <testcase classname="home.MainTest" name="afterEachTestMethod" time="0">
    <skipped/>
  </testcase>
  <testcase classname="home.MainTest" name="cleanUpApp" time="0">
    <skipped/>
  </testcase>
  <testcase classname="home.MainTest" name="setUp" time="0.002">
    <skipped/>
  </testcase>
  <testcase classname="home.MainTest" name="startExtent" time="0.003">
    <skipped/>
  </testcase>
  <testcase classname="home.MainTest" name="initialize" time="0.003">
    <skipped/>
  </testcase>
  <testcase classname="home.MainTest" name="secondLinkNoveltyTest" time="0">
    <skipped/>
  </testcase>
  <testcase classname="home.MainTest" name="afterEachTestMethod" time="0.002">
    <skipped/>
  </testcase>
  <testcase classname="home.MainTest" name="cleanUpApp" time="0.002">
    <skipped/>
  </testcase>
  <testcase classname="home.MainTest" name="setUp" time="0.002">
    <skipped/>
  </testcase>
  <testcase classname="home.MainTest" name="startExtent" time="0.003">
    <skipped/>
  </testcase>
  <testcase classname="home.MainTest" name="initialize" time="0.003">
    <skipped/>
  </testcase>
  <testcase classname="home.MainTest" name="secondLinkWindowsTest" time="0">
    <skipped/>
  </testcase>
  <testcase classname="home.MainTest" name="afterEachTestMethod" time="0.001">
    <skipped/>
  </testcase>
  <testcase classname="home.MainTest" name="cleanUpApp" time="0.001">
    <skipped/>
  </testcase>
  <testcase classname="home.MainTest" name="setUp" time="0.001">
    <skipped/>
  </testcase>
  <testcase classname="home.MainTest" name="startExtent" time="0.001">
    <skipped/>
  </testcase>
  <testcase classname="home.MainTest" name="initialize" time="0.001">
    <skipped/>
  </testcase>
  <testcase classname="home.MainTest" name="shareArticleUrlAndroidFirstLink" time="0">
    <skipped/>
  </testcase>
  <testcase classname="home.MainTest" name="afterEachTestMethod" time="0">
    <skipped/>
  </testcase>
  <testcase classname="home.MainTest" name="cleanUpApp" time="0">
    <skipped/>
  </testcase>
  <testcase classname="home.MainTest" name="setUp" time="0">
    <skipped/>
  </testcase>
  <testcase classname="home.MainTest" name="startExtent" time="0.001">
    <skipped/>
  </testcase>
  <testcase classname="home.MainTest" name="initialize" time="0.001">
    <skipped/>
  </testcase>
  <testcase classname="home.MainTest" name="shareArticleUrlAndroidSecondLink" time="0">
    <skipped/>
  </testcase>
  <testcase classname="home.MainTest" name="afterEachTestMethod" time="0">
    <skipped/>
  </testcase>
  <testcase classname="home.MainTest" name="cleanUpApp" time="0.001">
    <skipped/>
  </testcase>
  <testcase classname="home.MainTest" name="setUp" time="0.001">
    <skipped/>
  </testcase>
  <testcase classname="home.MainTest" name="startExtent" time="0.001">
    <skipped/>
  </testcase>
  <testcase classname="home.MainTest" name="initialize" time="0.001">
    <skipped/>
  </testcase>
  <testcase classname="home.MainTest" name="shareArticleUrlAppleSecondLink" time="0.001">
    <skipped/>
  </testcase>
  <testcase classname="home.MainTest" name="afterEachTestMethod" time="0.001">
    <skipped/>
  </testcase>
  <testcase classname="home.MainTest" name="cleanUpApp" time="0.001">
    <skipped/>
  </testcase>
  <testcase classname="home.MainTest" name="setUp" time="0.001">
    <skipped/>
  </testcase>
  <testcase classname="home.MainTest" name="startExtent" time="0.001">
    <skipped/>
  </testcase>
  <testcase classname="home.MainTest" name="initialize" time="0.001">
    <skipped/>
  </testcase>
  <testcase classname="home.MainTest" name="shareArticleUrlNoveltySecondLink" time="0">
    <skipped/>
  </testcase>
  <testcase classname="home.MainTest" name="afterEachTestMethod" time="0.001">
    <skipped/>
  </testcase>
  <testcase classname="home.MainTest" name="cleanUpApp" time="0.001">
    <skipped/>
  </testcase>
  <testcase classname="home.MainTest" name="setUp" time="0.001">
    <skipped/>
  </testcase>
  <testcase classname="home.MainTest" name="startExtent" time="0.001">
    <skipped/>
  </testcase>
  <testcase classname="home.MainTest" name="initialize" time="0.001">
    <skipped/>
  </testcase>
  <testcase classname="home.MainTest" name="shareArticleUrlWindowsFirstLink" time="0">
    <skipped/>
  </testcase>
  <testcase classname="home.MainTest" name="afterEachTestMethod" time="0">
    <skipped/>
  </testcase>
  <testcase classname="home.MainTest" name="cleanUpApp" time="0">
    <skipped/>
  </testcase>
  <testcase classname="home.MainTest" name="setUp" time="0">
    <skipped/>
  </testcase>
  <testcase classname="home.MainTest" name="startExtent" time="0.001">
    <skipped/>
  </testcase>
  <testcase classname="home.MainTest" name="initialize" time="0.001">
    <skipped/>
  </testcase>
  <testcase classname="home.MainTest" name="thirdLinkAndroidTest" time="0">
    <skipped/>
  </testcase>
  <testcase classname="home.MainTest" name="afterEachTestMethod" time="0">
    <skipped/>
  </testcase>
  <testcase classname="home.MainTest" name="cleanUpApp" time="0">
    <skipped/>
  </testcase>
  <testcase classname="home.MainTest" name="setUp" time="0">
    <skipped/>
  </testcase>
  <testcase classname="home.MainTest" name="startExtent" time="0">
    <skipped/>
  </testcase>
  <testcase classname="home.MainTest" name="initialize" time="0.001">
    <skipped/>
  </testcase>
  <testcase classname="home.MainTest" name="thirdLinkAppleTest" time="0">
    <skipped/>
  </testcase>
  <testcase classname="home.MainTest" name="afterEachTestMethod" time="0">
    <skipped/>
  </testcase>
  <testcase classname="home.MainTest" name="cleanUpApp" time="0">
    <skipped/>
  </testcase>
  <testcase classname="home.MainTest" name="setUp" time="0">
    <skipped/>
  </testcase>
  <testcase classname="home.MainTest" name="startExtent" time="0">
    <skipped/>
  </testcase>
  <testcase classname="home.MainTest" name="initialize" time="0">
    <skipped/>
  </testcase>
  <testcase classname="home.MainTest" name="windowsTabTest" time="0">
    <skipped/>
  </testcase>
  <testcase classname="home.MainTest" name="afterEachTestMethod" time="0">
    <skipped/>
  </testcase>
  <testcase classname="home.MainTest" name="cleanUpApp" time="0">
    <skipped/>
  </testcase>
  <testcase classname="home.MainTest" name="generateReport" time="0.045">
    <skipped/>
  </testcase>
</testsuite>